<?xml version="1.0" encoding="UTF-8"?>
<!-- Generated by org.testng.reporters.JUnitXMLReporter -->
<testsuite hostname="Home-pc" ignored="0" name="TC001_SignUp_Validation" tests="5" failures="4" timestamp="19 Oct 2017 09:13:48 GMT" time="23.45" errors="0">
  <testcase name="signUp_Validation" time="8.236" classname="com.testing.automation.homePage.TC001_SignUp_Validation"/>
  <testcase name="signUp_Validation" time="0.14" classname="com.testing.automation.homePage.TC001_SignUp_Validation">
    <failure type="org.openqa.selenium.WebDriverException" message="unknown error: Element &amp;lt;a href=&amp;quot;https://www.jabong.com/customer/account/create/&amp;quot; data-https-switch=&amp;quot;true&amp;quot; data-mobile-url=&amp;quot;https://www.jabong.com/customer/account/create/&amp;quot; class=&amp;quot;dialogify&amp;quot; data-target=&amp;quot;#signup&amp;quot; data-url=&amp;quot;https://www.jabong.com/auth/signup?CrossDomain=true&amp;quot; data-custom-class=&amp;quot;signup-nltr-modal&amp;quot; data-opts=&amp;quot;{&amp;amp;quot;width&amp;amp;quot;: &amp;amp;quot;700px&amp;amp;quot;}&amp;quot; data-gaq-event=&amp;quot;Header~$~Sign_up~$~Initiate&amp;quot;&amp;gt;...&amp;lt;/a&amp;gt; is not clickable at point (1227, 21). Other element would receive the click: &amp;lt;div class=&amp;quot;modal-backdrop fade in&amp;quot; style=&amp;quot;height: 655px;&amp;quot;&amp;gt;&amp;lt;/div&amp;gt;
  (Session info: chrome=61.0.3163.100)
  (Driver info: chromedriver=2.28.455520 (cc17746adff54984afff480136733114c6b3704b),platform=Windows NT 6.2.9200 x86) (WARNING: The server did not provide any stacktrace information)
Command duration or timeout: 0 milliseconds
Build info: version: &amp;apos;3.5.3&amp;apos;, revision: &amp;apos;a88d25fe6b&amp;apos;, time: &amp;apos;2017-08-29T12:42:44.417Z&amp;apos;
System info: host: &amp;apos;HOME-PC&amp;apos;, ip: &amp;apos;192.168.43.174&amp;apos;, os.name: &amp;apos;Windows 8&amp;apos;, os.arch: &amp;apos;x86&amp;apos;, os.version: &amp;apos;6.2&amp;apos;, java.version: &amp;apos;1.8.0_60&amp;apos;
Driver info: org.openqa.selenium.chrome.ChromeDriver
Capabilities [{applicationCacheEnabled=false, rotatable=false, mobileEmulationEnabled=false, networkConnectionEnabled=false, chrome={chromedriverVersion=2.28.455520 (cc17746adff54984afff480136733114c6b3704b), userDataDir=C:\Users\User\AppData\Local\Temp\scoped_dir7164_30317}, takesHeapSnapshot=true, pageLoadStrategy=normal, unhandledPromptBehavior=, databaseEnabled=false, handlesAlerts=true, hasTouchScreen=false, version=61.0.3163.100, platform=WIN8, browserConnectionEnabled=false, nativeEvents=true, acceptSslCerts=true, locationContextEnabled=true, webStorageEnabled=true, browserName=chrome, takesScreenshot=true, javascriptEnabled=true, platformName=WIN8, cssSelectorsEnabled=true, unexpectedAlertBehaviour=}]
Session ID: 3ab54fd939f3e9a5ea428f666bc0113f">
      <![CDATA[org.openqa.selenium.WebDriverException: unknown error: Element <a href="https://www.jabong.com/customer/account/create/" data-https-switch="true" data-mobile-url="https://www.jabong.com/customer/account/create/" class="dialogify" data-target="#signup" data-url="https://www.jabong.com/auth/signup?CrossDomain=true" data-custom-class="signup-nltr-modal" data-opts="{&quot;width&quot;: &quot;700px&quot;}" data-gaq-event="Header~$~Sign_up~$~Initiate">...</a> is not clickable at point (1227, 21). Other element would receive the click: <div class="modal-backdrop fade in" style="height: 655px;"></div>
  (Session info: chrome=61.0.3163.100)
  (Driver info: chromedriver=2.28.455520 (cc17746adff54984afff480136733114c6b3704b),platform=Windows NT 6.2.9200 x86) (WARNING: The server did not provide any stacktrace information)
Command duration or timeout: 0 milliseconds
Build info: version: '3.5.3', revision: 'a88d25fe6b', time: '2017-08-29T12:42:44.417Z'
System info: host: 'HOME-PC', ip: '192.168.43.174', os.name: 'Windows 8', os.arch: 'x86', os.version: '6.2', java.version: '1.8.0_60'
Driver info: org.openqa.selenium.chrome.ChromeDriver
Capabilities [{applicationCacheEnabled=false, rotatable=false, mobileEmulationEnabled=false, networkConnectionEnabled=false, chrome={chromedriverVersion=2.28.455520 (cc17746adff54984afff480136733114c6b3704b), userDataDir=C:\Users\User\AppData\Local\Temp\scoped_dir7164_30317}, takesHeapSnapshot=true, pageLoadStrategy=normal, unhandledPromptBehavior=, databaseEnabled=false, handlesAlerts=true, hasTouchScreen=false, version=61.0.3163.100, platform=WIN8, browserConnectionEnabled=false, nativeEvents=true, acceptSslCerts=true, locationContextEnabled=true, webStorageEnabled=true, browserName=chrome, takesScreenshot=true, javascriptEnabled=true, platformName=WIN8, cssSelectorsEnabled=true, unexpectedAlertBehaviour=}]
Session ID: 3ab54fd939f3e9a5ea428f666bc0113f
	at org.openqa.selenium.remote.ErrorHandler.createThrowable(ErrorHandler.java:215)
	at org.openqa.selenium.remote.ErrorHandler.throwIfResponseFailed(ErrorHandler.java:167)
	at org.openqa.selenium.remote.http.JsonHttpResponseCodec.reconstructValue(JsonHttpResponseCodec.java:40)
	at org.openqa.selenium.remote.http.AbstractHttpResponseCodec.decode(AbstractHttpResponseCodec.java:82)
	at org.openqa.selenium.remote.http.AbstractHttpResponseCodec.decode(AbstractHttpResponseCodec.java:45)
	at org.openqa.selenium.remote.HttpCommandExecutor.execute(HttpCommandExecutor.java:164)
	at org.openqa.selenium.remote.service.DriverCommandExecutor.execute(DriverCommandExecutor.java:82)
	at org.openqa.selenium.remote.RemoteWebDriver.execute(RemoteWebDriver.java:646)
	at org.openqa.selenium.remote.RemoteWebElement.execute(RemoteWebElement.java:275)
	at org.openqa.selenium.remote.RemoteWebElement.click(RemoteWebElement.java:82)
	at org.openqa.selenium.support.pagefactory.internal.LocatingElementHandler.invoke(LocatingElementHandler.java:51)
	at com.sun.proxy.$Proxy11.click(Unknown Source)
	at com.testing.automation.objectRepo.HomePage.navigateToSignUpPage(HomePage.java:51)
	at com.testing.automation.homePage.TC001_SignUp_Validation.signUp_Validation(TC001_SignUp_Validation.java:45)
... Removed 33 stack frames]]>
    </failure>
  </testcase> <!-- signUp_Validation -->
  <testcase name="signUp_Validation" time="0.12" classname="com.testing.automation.homePage.TC001_SignUp_Validation">
    <failure type="org.openqa.selenium.WebDriverException" message="unknown error: Element &amp;lt;a href=&amp;quot;https://www.jabong.com/customer/account/create/&amp;quot; data-https-switch=&amp;quot;true&amp;quot; data-mobile-url=&amp;quot;https://www.jabong.com/customer/account/create/&amp;quot; class=&amp;quot;dialogify&amp;quot; data-target=&amp;quot;#signup&amp;quot; data-url=&amp;quot;https://www.jabong.com/auth/signup?CrossDomain=true&amp;quot; data-custom-class=&amp;quot;signup-nltr-modal&amp;quot; data-opts=&amp;quot;{&amp;amp;quot;width&amp;amp;quot;: &amp;amp;quot;700px&amp;amp;quot;}&amp;quot; data-gaq-event=&amp;quot;Header~$~Sign_up~$~Initiate&amp;quot;&amp;gt;...&amp;lt;/a&amp;gt; is not clickable at point (1227, 21). Other element would receive the click: &amp;lt;div class=&amp;quot;modal-backdrop fade in&amp;quot; style=&amp;quot;height: 655px;&amp;quot;&amp;gt;&amp;lt;/div&amp;gt;
  (Session info: chrome=61.0.3163.100)
  (Driver info: chromedriver=2.28.455520 (cc17746adff54984afff480136733114c6b3704b),platform=Windows NT 6.2.9200 x86) (WARNING: The server did not provide any stacktrace information)
Command duration or timeout: 0 milliseconds
Build info: version: &amp;apos;3.5.3&amp;apos;, revision: &amp;apos;a88d25fe6b&amp;apos;, time: &amp;apos;2017-08-29T12:42:44.417Z&amp;apos;
System info: host: &amp;apos;HOME-PC&amp;apos;, ip: &amp;apos;192.168.43.174&amp;apos;, os.name: &amp;apos;Windows 8&amp;apos;, os.arch: &amp;apos;x86&amp;apos;, os.version: &amp;apos;6.2&amp;apos;, java.version: &amp;apos;1.8.0_60&amp;apos;
Driver info: org.openqa.selenium.chrome.ChromeDriver
Capabilities [{applicationCacheEnabled=false, rotatable=false, mobileEmulationEnabled=false, networkConnectionEnabled=false, chrome={chromedriverVersion=2.28.455520 (cc17746adff54984afff480136733114c6b3704b), userDataDir=C:\Users\User\AppData\Local\Temp\scoped_dir7164_30317}, takesHeapSnapshot=true, pageLoadStrategy=normal, unhandledPromptBehavior=, databaseEnabled=false, handlesAlerts=true, hasTouchScreen=false, version=61.0.3163.100, platform=WIN8, browserConnectionEnabled=false, nativeEvents=true, acceptSslCerts=true, locationContextEnabled=true, webStorageEnabled=true, browserName=chrome, takesScreenshot=true, javascriptEnabled=true, platformName=WIN8, cssSelectorsEnabled=true, unexpectedAlertBehaviour=}]
Session ID: 3ab54fd939f3e9a5ea428f666bc0113f">
      <![CDATA[org.openqa.selenium.WebDriverException: unknown error: Element <a href="https://www.jabong.com/customer/account/create/" data-https-switch="true" data-mobile-url="https://www.jabong.com/customer/account/create/" class="dialogify" data-target="#signup" data-url="https://www.jabong.com/auth/signup?CrossDomain=true" data-custom-class="signup-nltr-modal" data-opts="{&quot;width&quot;: &quot;700px&quot;}" data-gaq-event="Header~$~Sign_up~$~Initiate">...</a> is not clickable at point (1227, 21). Other element would receive the click: <div class="modal-backdrop fade in" style="height: 655px;"></div>
  (Session info: chrome=61.0.3163.100)
  (Driver info: chromedriver=2.28.455520 (cc17746adff54984afff480136733114c6b3704b),platform=Windows NT 6.2.9200 x86) (WARNING: The server did not provide any stacktrace information)
Command duration or timeout: 0 milliseconds
Build info: version: '3.5.3', revision: 'a88d25fe6b', time: '2017-08-29T12:42:44.417Z'
System info: host: 'HOME-PC', ip: '192.168.43.174', os.name: 'Windows 8', os.arch: 'x86', os.version: '6.2', java.version: '1.8.0_60'
Driver info: org.openqa.selenium.chrome.ChromeDriver
Capabilities [{applicationCacheEnabled=false, rotatable=false, mobileEmulationEnabled=false, networkConnectionEnabled=false, chrome={chromedriverVersion=2.28.455520 (cc17746adff54984afff480136733114c6b3704b), userDataDir=C:\Users\User\AppData\Local\Temp\scoped_dir7164_30317}, takesHeapSnapshot=true, pageLoadStrategy=normal, unhandledPromptBehavior=, databaseEnabled=false, handlesAlerts=true, hasTouchScreen=false, version=61.0.3163.100, platform=WIN8, browserConnectionEnabled=false, nativeEvents=true, acceptSslCerts=true, locationContextEnabled=true, webStorageEnabled=true, browserName=chrome, takesScreenshot=true, javascriptEnabled=true, platformName=WIN8, cssSelectorsEnabled=true, unexpectedAlertBehaviour=}]
Session ID: 3ab54fd939f3e9a5ea428f666bc0113f
	at org.openqa.selenium.remote.ErrorHandler.createThrowable(ErrorHandler.java:215)
	at org.openqa.selenium.remote.ErrorHandler.throwIfResponseFailed(ErrorHandler.java:167)
	at org.openqa.selenium.remote.http.JsonHttpResponseCodec.reconstructValue(JsonHttpResponseCodec.java:40)
	at org.openqa.selenium.remote.http.AbstractHttpResponseCodec.decode(AbstractHttpResponseCodec.java:82)
	at org.openqa.selenium.remote.http.AbstractHttpResponseCodec.decode(AbstractHttpResponseCodec.java:45)
	at org.openqa.selenium.remote.HttpCommandExecutor.execute(HttpCommandExecutor.java:164)
	at org.openqa.selenium.remote.service.DriverCommandExecutor.execute(DriverCommandExecutor.java:82)
	at org.openqa.selenium.remote.RemoteWebDriver.execute(RemoteWebDriver.java:646)
	at org.openqa.selenium.remote.RemoteWebElement.execute(RemoteWebElement.java:275)
	at org.openqa.selenium.remote.RemoteWebElement.click(RemoteWebElement.java:82)
	at org.openqa.selenium.support.pagefactory.internal.LocatingElementHandler.invoke(LocatingElementHandler.java:51)
	at com.sun.proxy.$Proxy11.click(Unknown Source)
	at com.testing.automation.objectRepo.HomePage.navigateToSignUpPage(HomePage.java:51)
	at com.testing.automation.homePage.TC001_SignUp_Validation.signUp_Validation(TC001_SignUp_Validation.java:45)
... Removed 33 stack frames]]>
    </failure>
  </testcase> <!-- signUp_Validation -->
  <testcase name="signUp_Validation" time="0.115" classname="com.testing.automation.homePage.TC001_SignUp_Validation">
    <failure type="org.openqa.selenium.WebDriverException" message="unknown error: Element &amp;lt;a href=&amp;quot;https://www.jabong.com/customer/account/create/&amp;quot; data-https-switch=&amp;quot;true&amp;quot; data-mobile-url=&amp;quot;https://www.jabong.com/customer/account/create/&amp;quot; class=&amp;quot;dialogify&amp;quot; data-target=&amp;quot;#signup&amp;quot; data-url=&amp;quot;https://www.jabong.com/auth/signup?CrossDomain=true&amp;quot; data-custom-class=&amp;quot;signup-nltr-modal&amp;quot; data-opts=&amp;quot;{&amp;amp;quot;width&amp;amp;quot;: &amp;amp;quot;700px&amp;amp;quot;}&amp;quot; data-gaq-event=&amp;quot;Header~$~Sign_up~$~Initiate&amp;quot;&amp;gt;...&amp;lt;/a&amp;gt; is not clickable at point (1227, 21). Other element would receive the click: &amp;lt;div class=&amp;quot;modal-backdrop fade in&amp;quot; style=&amp;quot;height: 655px;&amp;quot;&amp;gt;&amp;lt;/div&amp;gt;
  (Session info: chrome=61.0.3163.100)
  (Driver info: chromedriver=2.28.455520 (cc17746adff54984afff480136733114c6b3704b),platform=Windows NT 6.2.9200 x86) (WARNING: The server did not provide any stacktrace information)
Command duration or timeout: 0 milliseconds
Build info: version: &amp;apos;3.5.3&amp;apos;, revision: &amp;apos;a88d25fe6b&amp;apos;, time: &amp;apos;2017-08-29T12:42:44.417Z&amp;apos;
System info: host: &amp;apos;HOME-PC&amp;apos;, ip: &amp;apos;192.168.43.174&amp;apos;, os.name: &amp;apos;Windows 8&amp;apos;, os.arch: &amp;apos;x86&amp;apos;, os.version: &amp;apos;6.2&amp;apos;, java.version: &amp;apos;1.8.0_60&amp;apos;
Driver info: org.openqa.selenium.chrome.ChromeDriver
Capabilities [{applicationCacheEnabled=false, rotatable=false, mobileEmulationEnabled=false, networkConnectionEnabled=false, chrome={chromedriverVersion=2.28.455520 (cc17746adff54984afff480136733114c6b3704b), userDataDir=C:\Users\User\AppData\Local\Temp\scoped_dir7164_30317}, takesHeapSnapshot=true, pageLoadStrategy=normal, unhandledPromptBehavior=, databaseEnabled=false, handlesAlerts=true, hasTouchScreen=false, version=61.0.3163.100, platform=WIN8, browserConnectionEnabled=false, nativeEvents=true, acceptSslCerts=true, locationContextEnabled=true, webStorageEnabled=true, browserName=chrome, takesScreenshot=true, javascriptEnabled=true, platformName=WIN8, cssSelectorsEnabled=true, unexpectedAlertBehaviour=}]
Session ID: 3ab54fd939f3e9a5ea428f666bc0113f">
      <![CDATA[org.openqa.selenium.WebDriverException: unknown error: Element <a href="https://www.jabong.com/customer/account/create/" data-https-switch="true" data-mobile-url="https://www.jabong.com/customer/account/create/" class="dialogify" data-target="#signup" data-url="https://www.jabong.com/auth/signup?CrossDomain=true" data-custom-class="signup-nltr-modal" data-opts="{&quot;width&quot;: &quot;700px&quot;}" data-gaq-event="Header~$~Sign_up~$~Initiate">...</a> is not clickable at point (1227, 21). Other element would receive the click: <div class="modal-backdrop fade in" style="height: 655px;"></div>
  (Session info: chrome=61.0.3163.100)
  (Driver info: chromedriver=2.28.455520 (cc17746adff54984afff480136733114c6b3704b),platform=Windows NT 6.2.9200 x86) (WARNING: The server did not provide any stacktrace information)
Command duration or timeout: 0 milliseconds
Build info: version: '3.5.3', revision: 'a88d25fe6b', time: '2017-08-29T12:42:44.417Z'
System info: host: 'HOME-PC', ip: '192.168.43.174', os.name: 'Windows 8', os.arch: 'x86', os.version: '6.2', java.version: '1.8.0_60'
Driver info: org.openqa.selenium.chrome.ChromeDriver
Capabilities [{applicationCacheEnabled=false, rotatable=false, mobileEmulationEnabled=false, networkConnectionEnabled=false, chrome={chromedriverVersion=2.28.455520 (cc17746adff54984afff480136733114c6b3704b), userDataDir=C:\Users\User\AppData\Local\Temp\scoped_dir7164_30317}, takesHeapSnapshot=true, pageLoadStrategy=normal, unhandledPromptBehavior=, databaseEnabled=false, handlesAlerts=true, hasTouchScreen=false, version=61.0.3163.100, platform=WIN8, browserConnectionEnabled=false, nativeEvents=true, acceptSslCerts=true, locationContextEnabled=true, webStorageEnabled=true, browserName=chrome, takesScreenshot=true, javascriptEnabled=true, platformName=WIN8, cssSelectorsEnabled=true, unexpectedAlertBehaviour=}]
Session ID: 3ab54fd939f3e9a5ea428f666bc0113f
	at org.openqa.selenium.remote.ErrorHandler.createThrowable(ErrorHandler.java:215)
	at org.openqa.selenium.remote.ErrorHandler.throwIfResponseFailed(ErrorHandler.java:167)
	at org.openqa.selenium.remote.http.JsonHttpResponseCodec.reconstructValue(JsonHttpResponseCodec.java:40)
	at org.openqa.selenium.remote.http.AbstractHttpResponseCodec.decode(AbstractHttpResponseCodec.java:82)
	at org.openqa.selenium.remote.http.AbstractHttpResponseCodec.decode(AbstractHttpResponseCodec.java:45)
	at org.openqa.selenium.remote.HttpCommandExecutor.execute(HttpCommandExecutor.java:164)
	at org.openqa.selenium.remote.service.DriverCommandExecutor.execute(DriverCommandExecutor.java:82)
	at org.openqa.selenium.remote.RemoteWebDriver.execute(RemoteWebDriver.java:646)
	at org.openqa.selenium.remote.RemoteWebElement.execute(RemoteWebElement.java:275)
	at org.openqa.selenium.remote.RemoteWebElement.click(RemoteWebElement.java:82)
	at org.openqa.selenium.support.pagefactory.internal.LocatingElementHandler.invoke(LocatingElementHandler.java:51)
	at com.sun.proxy.$Proxy11.click(Unknown Source)
	at com.testing.automation.objectRepo.HomePage.navigateToSignUpPage(HomePage.java:51)
	at com.testing.automation.homePage.TC001_SignUp_Validation.signUp_Validation(TC001_SignUp_Validation.java:45)
... Removed 33 stack frames]]>
    </failure>
  </testcase> <!-- signUp_Validation -->
  <testcase name="signUp_Validation" time="0.116" classname="com.testing.automation.homePage.TC001_SignUp_Validation">
    <failure type="org.openqa.selenium.WebDriverException" message="unknown error: Element &amp;lt;a href=&amp;quot;https://www.jabong.com/customer/account/create/&amp;quot; data-https-switch=&amp;quot;true&amp;quot; data-mobile-url=&amp;quot;https://www.jabong.com/customer/account/create/&amp;quot; class=&amp;quot;dialogify&amp;quot; data-target=&amp;quot;#signup&amp;quot; data-url=&amp;quot;https://www.jabong.com/auth/signup?CrossDomain=true&amp;quot; data-custom-class=&amp;quot;signup-nltr-modal&amp;quot; data-opts=&amp;quot;{&amp;amp;quot;width&amp;amp;quot;: &amp;amp;quot;700px&amp;amp;quot;}&amp;quot; data-gaq-event=&amp;quot;Header~$~Sign_up~$~Initiate&amp;quot;&amp;gt;...&amp;lt;/a&amp;gt; is not clickable at point (1227, 21). Other element would receive the click: &amp;lt;div class=&amp;quot;modal-backdrop fade in&amp;quot; style=&amp;quot;height: 655px;&amp;quot;&amp;gt;&amp;lt;/div&amp;gt;
  (Session info: chrome=61.0.3163.100)
  (Driver info: chromedriver=2.28.455520 (cc17746adff54984afff480136733114c6b3704b),platform=Windows NT 6.2.9200 x86) (WARNING: The server did not provide any stacktrace information)
Command duration or timeout: 0 milliseconds
Build info: version: &amp;apos;3.5.3&amp;apos;, revision: &amp;apos;a88d25fe6b&amp;apos;, time: &amp;apos;2017-08-29T12:42:44.417Z&amp;apos;
System info: host: &amp;apos;HOME-PC&amp;apos;, ip: &amp;apos;192.168.43.174&amp;apos;, os.name: &amp;apos;Windows 8&amp;apos;, os.arch: &amp;apos;x86&amp;apos;, os.version: &amp;apos;6.2&amp;apos;, java.version: &amp;apos;1.8.0_60&amp;apos;
Driver info: org.openqa.selenium.chrome.ChromeDriver
Capabilities [{applicationCacheEnabled=false, rotatable=false, mobileEmulationEnabled=false, networkConnectionEnabled=false, chrome={chromedriverVersion=2.28.455520 (cc17746adff54984afff480136733114c6b3704b), userDataDir=C:\Users\User\AppData\Local\Temp\scoped_dir7164_30317}, takesHeapSnapshot=true, pageLoadStrategy=normal, unhandledPromptBehavior=, databaseEnabled=false, handlesAlerts=true, hasTouchScreen=false, version=61.0.3163.100, platform=WIN8, browserConnectionEnabled=false, nativeEvents=true, acceptSslCerts=true, locationContextEnabled=true, webStorageEnabled=true, browserName=chrome, takesScreenshot=true, javascriptEnabled=true, platformName=WIN8, cssSelectorsEnabled=true, unexpectedAlertBehaviour=}]
Session ID: 3ab54fd939f3e9a5ea428f666bc0113f">
      <![CDATA[org.openqa.selenium.WebDriverException: unknown error: Element <a href="https://www.jabong.com/customer/account/create/" data-https-switch="true" data-mobile-url="https://www.jabong.com/customer/account/create/" class="dialogify" data-target="#signup" data-url="https://www.jabong.com/auth/signup?CrossDomain=true" data-custom-class="signup-nltr-modal" data-opts="{&quot;width&quot;: &quot;700px&quot;}" data-gaq-event="Header~$~Sign_up~$~Initiate">...</a> is not clickable at point (1227, 21). Other element would receive the click: <div class="modal-backdrop fade in" style="height: 655px;"></div>
  (Session info: chrome=61.0.3163.100)
  (Driver info: chromedriver=2.28.455520 (cc17746adff54984afff480136733114c6b3704b),platform=Windows NT 6.2.9200 x86) (WARNING: The server did not provide any stacktrace information)
Command duration or timeout: 0 milliseconds
Build info: version: '3.5.3', revision: 'a88d25fe6b', time: '2017-08-29T12:42:44.417Z'
System info: host: 'HOME-PC', ip: '192.168.43.174', os.name: 'Windows 8', os.arch: 'x86', os.version: '6.2', java.version: '1.8.0_60'
Driver info: org.openqa.selenium.chrome.ChromeDriver
Capabilities [{applicationCacheEnabled=false, rotatable=false, mobileEmulationEnabled=false, networkConnectionEnabled=false, chrome={chromedriverVersion=2.28.455520 (cc17746adff54984afff480136733114c6b3704b), userDataDir=C:\Users\User\AppData\Local\Temp\scoped_dir7164_30317}, takesHeapSnapshot=true, pageLoadStrategy=normal, unhandledPromptBehavior=, databaseEnabled=false, handlesAlerts=true, hasTouchScreen=false, version=61.0.3163.100, platform=WIN8, browserConnectionEnabled=false, nativeEvents=true, acceptSslCerts=true, locationContextEnabled=true, webStorageEnabled=true, browserName=chrome, takesScreenshot=true, javascriptEnabled=true, platformName=WIN8, cssSelectorsEnabled=true, unexpectedAlertBehaviour=}]
Session ID: 3ab54fd939f3e9a5ea428f666bc0113f
	at org.openqa.selenium.remote.ErrorHandler.createThrowable(ErrorHandler.java:215)
	at org.openqa.selenium.remote.ErrorHandler.throwIfResponseFailed(ErrorHandler.java:167)
	at org.openqa.selenium.remote.http.JsonHttpResponseCodec.reconstructValue(JsonHttpResponseCodec.java:40)
	at org.openqa.selenium.remote.http.AbstractHttpResponseCodec.decode(AbstractHttpResponseCodec.java:82)
	at org.openqa.selenium.remote.http.AbstractHttpResponseCodec.decode(AbstractHttpResponseCodec.java:45)
	at org.openqa.selenium.remote.HttpCommandExecutor.execute(HttpCommandExecutor.java:164)
	at org.openqa.selenium.remote.service.DriverCommandExecutor.execute(DriverCommandExecutor.java:82)
	at org.openqa.selenium.remote.RemoteWebDriver.execute(RemoteWebDriver.java:646)
	at org.openqa.selenium.remote.RemoteWebElement.execute(RemoteWebElement.java:275)
	at org.openqa.selenium.remote.RemoteWebElement.click(RemoteWebElement.java:82)
	at org.openqa.selenium.support.pagefactory.internal.LocatingElementHandler.invoke(LocatingElementHandler.java:51)
	at com.sun.proxy.$Proxy11.click(Unknown Source)
	at com.testing.automation.objectRepo.HomePage.navigateToSignUpPage(HomePage.java:51)
	at com.testing.automation.homePage.TC001_SignUp_Validation.signUp_Validation(TC001_SignUp_Validation.java:45)
... Removed 33 stack frames]]>
    </failure>
  </testcase> <!-- signUp_Validation -->
</testsuite> <!-- TC001_SignUp_Validation -->
