<!DOCTYPE html PUBLIC "-//W3C//DTD XHTML 1.1//EN" "http://www.w3.org/TR/xhtml11/DTD/xhtml11.dtd">
<html xmlns="http://www.w3.org/1999/xhtml"><head><title>TestNG Report</title><style type="text/css">table {margin-bottom:10px;border-collapse:collapse;empty-cells:show}th,td {border:1px solid #009;padding:.25em .5em}th {vertical-align:bottom}td {vertical-align:top}table a {font-weight:bold}.stripe td {background-color: #E6EBF9}.num {text-align:right}.passedodd td {background-color: #3F3}.passedeven td {background-color: #0A0}.skippedodd td {background-color: #DDD}.skippedeven td {background-color: #CCC}.failedodd td,.attn {background-color: #F33}.failedeven td,.stripe .attn {background-color: #D00}.stacktrace {white-space:pre;font-family:monospace}.totop {font-size:85%;text-align:center;border-bottom:2px solid #000}</style></head><body><table><tr><th>Test</th><th># Passed</th><th># Skipped</th><th># Failed</th><th>Time (ms)</th><th>Included Groups</th><th>Excluded Groups</th></tr><tr><th colspan="7">Regression_Tesing</th></tr><tr><td><a href="#t0">TC001_SignUp_Validation</a></td><td class="num">1</td><td class="num">0</td><td class="num attn">4</td><td class="num">23,450</td><td></td><td></td></tr></table><table><thead><tr><th>Class</th><th>Method</th><th>Start</th><th>Time (ms)</th></tr></thead><tbody><tr><th colspan="4">Regression_Tesing</th></tr></tbody><tbody id="t0"><tr><th colspan="4">TC001_SignUp_Validation &#8212; failed</th></tr><tr class="failedeven"><td rowspan="4">com.testing.automation.homePage.TC001_SignUp_Validation</td><td><a href="#m0">signUp_Validation</a></td><td rowspan="4">1508404427824</td><td rowspan="4">120</td></tr><tr class="failedeven"><td><a href="#m1">signUp_Validation</a></td></tr><tr class="failedeven"><td><a href="#m2">signUp_Validation</a></td></tr><tr class="failedeven"><td><a href="#m3">signUp_Validation</a></td></tr><tr><th colspan="4">TC001_SignUp_Validation &#8212; passed</th></tr><tr class="passedeven"><td rowspan="1">com.testing.automation.homePage.TC001_SignUp_Validation</td><td><a href="#m4">signUp_Validation</a></td><td rowspan="1">1508404419434</td><td rowspan="1">8236</td></tr></tbody></table><h2>TC001_SignUp_Validation</h2><h3 id="m0">com.testing.automation.homePage.TC001_SignUp_Validation#signUp_Validation</h3><table class="result"><tr class="param"><th>Parameter #1</th><th>Parameter #2</th><th>Parameter #3</th><th>Parameter #4</th><th>Parameter #5</th><th>Parameter #6</th></tr><tr class="param stripe"><td>Manish3</td><td>Sharma</td><td>manishSham59@gmail.com</td><td>Wizardry</td><td>8527409595</td><td>y</td></tr><tr><th colspan="6">Exception</th></tr><tr><td colspan="6"><div class="stacktrace">org.openqa.selenium.WebDriverException: unknown error: Element &lt;a href=&quot;https://www.jabong.com/customer/account/create/&quot; data-https-switch=&quot;true&quot; data-mobile-url=&quot;https://www.jabong.com/customer/account/create/&quot; class=&quot;dialogify&quot; data-target=&quot;#signup&quot; data-url=&quot;https://www.jabong.com/auth/signup?CrossDomain=true&quot; data-custom-class=&quot;signup-nltr-modal&quot; data-opts=&quot;{&amp;quot;width&amp;quot;: &amp;quot;700px&amp;quot;}&quot; data-gaq-event=&quot;Header~$~Sign_up~$~Initiate&quot;&gt;...&lt;/a&gt; is not clickable at point (1227, 21). Other element would receive the click: &lt;div class=&quot;modal-backdrop fade in&quot; style=&quot;height: 655px;&quot;&gt;&lt;/div&gt;
  (Session info: chrome=61.0.3163.100)
  (Driver info: chromedriver=2.28.455520 (cc17746adff54984afff480136733114c6b3704b),platform=Windows NT 6.2.9200 x86) (WARNING: The server did not provide any stacktrace information)
Command duration or timeout: 0 milliseconds
Build info: version: &apos;3.5.3&apos;, revision: &apos;a88d25fe6b&apos;, time: &apos;2017-08-29T12:42:44.417Z&apos;
System info: host: &apos;HOME-PC&apos;, ip: &apos;192.168.43.174&apos;, os.name: &apos;Windows 8&apos;, os.arch: &apos;x86&apos;, os.version: &apos;6.2&apos;, java.version: &apos;1.8.0_60&apos;
Driver info: org.openqa.selenium.chrome.ChromeDriver
Capabilities [{applicationCacheEnabled=false, rotatable=false, mobileEmulationEnabled=false, networkConnectionEnabled=false, chrome={chromedriverVersion=2.28.455520 (cc17746adff54984afff480136733114c6b3704b), userDataDir=C:\Users\User\AppData\Local\Temp\scoped_dir7164_30317}, takesHeapSnapshot=true, pageLoadStrategy=normal, unhandledPromptBehavior=, databaseEnabled=false, handlesAlerts=true, hasTouchScreen=false, version=61.0.3163.100, platform=WIN8, browserConnectionEnabled=false, nativeEvents=true, acceptSslCerts=true, locationContextEnabled=true, webStorageEnabled=true, browserName=chrome, takesScreenshot=true, javascriptEnabled=true, platformName=WIN8, cssSelectorsEnabled=true, unexpectedAlertBehaviour=}]
Session ID: 3ab54fd939f3e9a5ea428f666bc0113f
	at org.openqa.selenium.remote.ErrorHandler.createThrowable(ErrorHandler.java:215)
	at org.openqa.selenium.remote.ErrorHandler.throwIfResponseFailed(ErrorHandler.java:167)
	at org.openqa.selenium.remote.http.JsonHttpResponseCodec.reconstructValue(JsonHttpResponseCodec.java:40)
	at org.openqa.selenium.remote.http.AbstractHttpResponseCodec.decode(AbstractHttpResponseCodec.java:82)
	at org.openqa.selenium.remote.http.AbstractHttpResponseCodec.decode(AbstractHttpResponseCodec.java:45)
	at org.openqa.selenium.remote.HttpCommandExecutor.execute(HttpCommandExecutor.java:164)
	at org.openqa.selenium.remote.service.DriverCommandExecutor.execute(DriverCommandExecutor.java:82)
	at org.openqa.selenium.remote.RemoteWebDriver.execute(RemoteWebDriver.java:646)
	at org.openqa.selenium.remote.RemoteWebElement.execute(RemoteWebElement.java:275)
	at org.openqa.selenium.remote.RemoteWebElement.click(RemoteWebElement.java:82)
	at org.openqa.selenium.support.pagefactory.internal.LocatingElementHandler.invoke(LocatingElementHandler.java:51)
	at com.sun.proxy.$Proxy11.click(Unknown Source)
	at com.testing.automation.objectRepo.HomePage.navigateToSignUpPage(HomePage.java:51)
	at com.testing.automation.homePage.TC001_SignUp_Validation.signUp_Validation(TC001_SignUp_Validation.java:45)
... Removed 33 stack frames</div></td></tr></table><p class="totop"><a href="#summary">back to summary</a></p><h3 id="m1">com.testing.automation.homePage.TC001_SignUp_Validation#signUp_Validation</h3><table class="result"><tr class="param"><th>Parameter #1</th><th>Parameter #2</th><th>Parameter #3</th><th>Parameter #4</th><th>Parameter #5</th><th>Parameter #6</th></tr><tr class="param stripe"><td>Manish2</td><td>Sharma</td><td>manishSham59@gmail.com</td><td>Wizardry</td><td>8527409595</td><td>y</td></tr><tr><th colspan="6">Exception</th></tr><tr><td colspan="6"><div class="stacktrace">org.openqa.selenium.WebDriverException: unknown error: Element &lt;a href=&quot;https://www.jabong.com/customer/account/create/&quot; data-https-switch=&quot;true&quot; data-mobile-url=&quot;https://www.jabong.com/customer/account/create/&quot; class=&quot;dialogify&quot; data-target=&quot;#signup&quot; data-url=&quot;https://www.jabong.com/auth/signup?CrossDomain=true&quot; data-custom-class=&quot;signup-nltr-modal&quot; data-opts=&quot;{&amp;quot;width&amp;quot;: &amp;quot;700px&amp;quot;}&quot; data-gaq-event=&quot;Header~$~Sign_up~$~Initiate&quot;&gt;...&lt;/a&gt; is not clickable at point (1227, 21). Other element would receive the click: &lt;div class=&quot;modal-backdrop fade in&quot; style=&quot;height: 655px;&quot;&gt;&lt;/div&gt;
  (Session info: chrome=61.0.3163.100)
  (Driver info: chromedriver=2.28.455520 (cc17746adff54984afff480136733114c6b3704b),platform=Windows NT 6.2.9200 x86) (WARNING: The server did not provide any stacktrace information)
Command duration or timeout: 0 milliseconds
Build info: version: &apos;3.5.3&apos;, revision: &apos;a88d25fe6b&apos;, time: &apos;2017-08-29T12:42:44.417Z&apos;
System info: host: &apos;HOME-PC&apos;, ip: &apos;192.168.43.174&apos;, os.name: &apos;Windows 8&apos;, os.arch: &apos;x86&apos;, os.version: &apos;6.2&apos;, java.version: &apos;1.8.0_60&apos;
Driver info: org.openqa.selenium.chrome.ChromeDriver
Capabilities [{applicationCacheEnabled=false, rotatable=false, mobileEmulationEnabled=false, networkConnectionEnabled=false, chrome={chromedriverVersion=2.28.455520 (cc17746adff54984afff480136733114c6b3704b), userDataDir=C:\Users\User\AppData\Local\Temp\scoped_dir7164_30317}, takesHeapSnapshot=true, pageLoadStrategy=normal, unhandledPromptBehavior=, databaseEnabled=false, handlesAlerts=true, hasTouchScreen=false, version=61.0.3163.100, platform=WIN8, browserConnectionEnabled=false, nativeEvents=true, acceptSslCerts=true, locationContextEnabled=true, webStorageEnabled=true, browserName=chrome, takesScreenshot=true, javascriptEnabled=true, platformName=WIN8, cssSelectorsEnabled=true, unexpectedAlertBehaviour=}]
Session ID: 3ab54fd939f3e9a5ea428f666bc0113f
	at org.openqa.selenium.remote.ErrorHandler.createThrowable(ErrorHandler.java:215)
	at org.openqa.selenium.remote.ErrorHandler.throwIfResponseFailed(ErrorHandler.java:167)
	at org.openqa.selenium.remote.http.JsonHttpResponseCodec.reconstructValue(JsonHttpResponseCodec.java:40)
	at org.openqa.selenium.remote.http.AbstractHttpResponseCodec.decode(AbstractHttpResponseCodec.java:82)
	at org.openqa.selenium.remote.http.AbstractHttpResponseCodec.decode(AbstractHttpResponseCodec.java:45)
	at org.openqa.selenium.remote.HttpCommandExecutor.execute(HttpCommandExecutor.java:164)
	at org.openqa.selenium.remote.service.DriverCommandExecutor.execute(DriverCommandExecutor.java:82)
	at org.openqa.selenium.remote.RemoteWebDriver.execute(RemoteWebDriver.java:646)
	at org.openqa.selenium.remote.RemoteWebElement.execute(RemoteWebElement.java:275)
	at org.openqa.selenium.remote.RemoteWebElement.click(RemoteWebElement.java:82)
	at org.openqa.selenium.support.pagefactory.internal.LocatingElementHandler.invoke(LocatingElementHandler.java:51)
	at com.sun.proxy.$Proxy11.click(Unknown Source)
	at com.testing.automation.objectRepo.HomePage.navigateToSignUpPage(HomePage.java:51)
	at com.testing.automation.homePage.TC001_SignUp_Validation.signUp_Validation(TC001_SignUp_Validation.java:45)
... Removed 33 stack frames</div></td></tr></table><p class="totop"><a href="#summary">back to summary</a></p><h3 id="m2">com.testing.automation.homePage.TC001_SignUp_Validation#signUp_Validation</h3><table class="result"><tr class="param"><th>Parameter #1</th><th>Parameter #2</th><th>Parameter #3</th><th>Parameter #4</th><th>Parameter #5</th><th>Parameter #6</th></tr><tr class="param stripe"><td>Manish4</td><td>Sharma</td><td>manishSham59@gmail.com</td><td>Wizardry</td><td>8527409595</td><td>y</td></tr><tr><th colspan="6">Exception</th></tr><tr><td colspan="6"><div class="stacktrace">org.openqa.selenium.WebDriverException: unknown error: Element &lt;a href=&quot;https://www.jabong.com/customer/account/create/&quot; data-https-switch=&quot;true&quot; data-mobile-url=&quot;https://www.jabong.com/customer/account/create/&quot; class=&quot;dialogify&quot; data-target=&quot;#signup&quot; data-url=&quot;https://www.jabong.com/auth/signup?CrossDomain=true&quot; data-custom-class=&quot;signup-nltr-modal&quot; data-opts=&quot;{&amp;quot;width&amp;quot;: &amp;quot;700px&amp;quot;}&quot; data-gaq-event=&quot;Header~$~Sign_up~$~Initiate&quot;&gt;...&lt;/a&gt; is not clickable at point (1227, 21). Other element would receive the click: &lt;div class=&quot;modal-backdrop fade in&quot; style=&quot;height: 655px;&quot;&gt;&lt;/div&gt;
  (Session info: chrome=61.0.3163.100)
  (Driver info: chromedriver=2.28.455520 (cc17746adff54984afff480136733114c6b3704b),platform=Windows NT 6.2.9200 x86) (WARNING: The server did not provide any stacktrace information)
Command duration or timeout: 0 milliseconds
Build info: version: &apos;3.5.3&apos;, revision: &apos;a88d25fe6b&apos;, time: &apos;2017-08-29T12:42:44.417Z&apos;
System info: host: &apos;HOME-PC&apos;, ip: &apos;192.168.43.174&apos;, os.name: &apos;Windows 8&apos;, os.arch: &apos;x86&apos;, os.version: &apos;6.2&apos;, java.version: &apos;1.8.0_60&apos;
Driver info: org.openqa.selenium.chrome.ChromeDriver
Capabilities [{applicationCacheEnabled=false, rotatable=false, mobileEmulationEnabled=false, networkConnectionEnabled=false, chrome={chromedriverVersion=2.28.455520 (cc17746adff54984afff480136733114c6b3704b), userDataDir=C:\Users\User\AppData\Local\Temp\scoped_dir7164_30317}, takesHeapSnapshot=true, pageLoadStrategy=normal, unhandledPromptBehavior=, databaseEnabled=false, handlesAlerts=true, hasTouchScreen=false, version=61.0.3163.100, platform=WIN8, browserConnectionEnabled=false, nativeEvents=true, acceptSslCerts=true, locationContextEnabled=true, webStorageEnabled=true, browserName=chrome, takesScreenshot=true, javascriptEnabled=true, platformName=WIN8, cssSelectorsEnabled=true, unexpectedAlertBehaviour=}]
Session ID: 3ab54fd939f3e9a5ea428f666bc0113f
	at org.openqa.selenium.remote.ErrorHandler.createThrowable(ErrorHandler.java:215)
	at org.openqa.selenium.remote.ErrorHandler.throwIfResponseFailed(ErrorHandler.java:167)
	at org.openqa.selenium.remote.http.JsonHttpResponseCodec.reconstructValue(JsonHttpResponseCodec.java:40)
	at org.openqa.selenium.remote.http.AbstractHttpResponseCodec.decode(AbstractHttpResponseCodec.java:82)
	at org.openqa.selenium.remote.http.AbstractHttpResponseCodec.decode(AbstractHttpResponseCodec.java:45)
	at org.openqa.selenium.remote.HttpCommandExecutor.execute(HttpCommandExecutor.java:164)
	at org.openqa.selenium.remote.service.DriverCommandExecutor.execute(DriverCommandExecutor.java:82)
	at org.openqa.selenium.remote.RemoteWebDriver.execute(RemoteWebDriver.java:646)
	at org.openqa.selenium.remote.RemoteWebElement.execute(RemoteWebElement.java:275)
	at org.openqa.selenium.remote.RemoteWebElement.click(RemoteWebElement.java:82)
	at org.openqa.selenium.support.pagefactory.internal.LocatingElementHandler.invoke(LocatingElementHandler.java:51)
	at com.sun.proxy.$Proxy11.click(Unknown Source)
	at com.testing.automation.objectRepo.HomePage.navigateToSignUpPage(HomePage.java:51)
	at com.testing.automation.homePage.TC001_SignUp_Validation.signUp_Validation(TC001_SignUp_Validation.java:45)
... Removed 33 stack frames</div></td></tr></table><p class="totop"><a href="#summary">back to summary</a></p><h3 id="m3">com.testing.automation.homePage.TC001_SignUp_Validation#signUp_Validation</h3><table class="result"><tr class="param"><th>Parameter #1</th><th>Parameter #2</th><th>Parameter #3</th><th>Parameter #4</th><th>Parameter #5</th><th>Parameter #6</th></tr><tr class="param stripe"><td>Manish5</td><td>Sharma</td><td>manishSham59@gmail.com</td><td>Wizardry</td><td>8527409595</td><td>y</td></tr><tr><th colspan="6">Exception</th></tr><tr><td colspan="6"><div class="stacktrace">org.openqa.selenium.WebDriverException: unknown error: Element &lt;a href=&quot;https://www.jabong.com/customer/account/create/&quot; data-https-switch=&quot;true&quot; data-mobile-url=&quot;https://www.jabong.com/customer/account/create/&quot; class=&quot;dialogify&quot; data-target=&quot;#signup&quot; data-url=&quot;https://www.jabong.com/auth/signup?CrossDomain=true&quot; data-custom-class=&quot;signup-nltr-modal&quot; data-opts=&quot;{&amp;quot;width&amp;quot;: &amp;quot;700px&amp;quot;}&quot; data-gaq-event=&quot;Header~$~Sign_up~$~Initiate&quot;&gt;...&lt;/a&gt; is not clickable at point (1227, 21). Other element would receive the click: &lt;div class=&quot;modal-backdrop fade in&quot; style=&quot;height: 655px;&quot;&gt;&lt;/div&gt;
  (Session info: chrome=61.0.3163.100)
  (Driver info: chromedriver=2.28.455520 (cc17746adff54984afff480136733114c6b3704b),platform=Windows NT 6.2.9200 x86) (WARNING: The server did not provide any stacktrace information)
Command duration or timeout: 0 milliseconds
Build info: version: &apos;3.5.3&apos;, revision: &apos;a88d25fe6b&apos;, time: &apos;2017-08-29T12:42:44.417Z&apos;
System info: host: &apos;HOME-PC&apos;, ip: &apos;192.168.43.174&apos;, os.name: &apos;Windows 8&apos;, os.arch: &apos;x86&apos;, os.version: &apos;6.2&apos;, java.version: &apos;1.8.0_60&apos;
Driver info: org.openqa.selenium.chrome.ChromeDriver
Capabilities [{applicationCacheEnabled=false, rotatable=false, mobileEmulationEnabled=false, networkConnectionEnabled=false, chrome={chromedriverVersion=2.28.455520 (cc17746adff54984afff480136733114c6b3704b), userDataDir=C:\Users\User\AppData\Local\Temp\scoped_dir7164_30317}, takesHeapSnapshot=true, pageLoadStrategy=normal, unhandledPromptBehavior=, databaseEnabled=false, handlesAlerts=true, hasTouchScreen=false, version=61.0.3163.100, platform=WIN8, browserConnectionEnabled=false, nativeEvents=true, acceptSslCerts=true, locationContextEnabled=true, webStorageEnabled=true, browserName=chrome, takesScreenshot=true, javascriptEnabled=true, platformName=WIN8, cssSelectorsEnabled=true, unexpectedAlertBehaviour=}]
Session ID: 3ab54fd939f3e9a5ea428f666bc0113f
	at org.openqa.selenium.remote.ErrorHandler.createThrowable(ErrorHandler.java:215)
	at org.openqa.selenium.remote.ErrorHandler.throwIfResponseFailed(ErrorHandler.java:167)
	at org.openqa.selenium.remote.http.JsonHttpResponseCodec.reconstructValue(JsonHttpResponseCodec.java:40)
	at org.openqa.selenium.remote.http.AbstractHttpResponseCodec.decode(AbstractHttpResponseCodec.java:82)
	at org.openqa.selenium.remote.http.AbstractHttpResponseCodec.decode(AbstractHttpResponseCodec.java:45)
	at org.openqa.selenium.remote.HttpCommandExecutor.execute(HttpCommandExecutor.java:164)
	at org.openqa.selenium.remote.service.DriverCommandExecutor.execute(DriverCommandExecutor.java:82)
	at org.openqa.selenium.remote.RemoteWebDriver.execute(RemoteWebDriver.java:646)
	at org.openqa.selenium.remote.RemoteWebElement.execute(RemoteWebElement.java:275)
	at org.openqa.selenium.remote.RemoteWebElement.click(RemoteWebElement.java:82)
	at org.openqa.selenium.support.pagefactory.internal.LocatingElementHandler.invoke(LocatingElementHandler.java:51)
	at com.sun.proxy.$Proxy11.click(Unknown Source)
	at com.testing.automation.objectRepo.HomePage.navigateToSignUpPage(HomePage.java:51)
	at com.testing.automation.homePage.TC001_SignUp_Validation.signUp_Validation(TC001_SignUp_Validation.java:45)
... Removed 33 stack frames</div></td></tr></table><p class="totop"><a href="#summary">back to summary</a></p><h3 id="m4">com.testing.automation.homePage.TC001_SignUp_Validation#signUp_Validation</h3><table class="result"><tr class="param"><th>Parameter #1</th><th>Parameter #2</th><th>Parameter #3</th><th>Parameter #4</th><th>Parameter #5</th><th>Parameter #6</th></tr><tr class="param stripe"><td>Manish1</td><td>Sharma</td><td>manishSham59@gmail.com</td><td>Wizardry</td><td>8527409595</td><td>y</td></tr></table><p class="totop"><a href="#summary">back to summary</a></p></body></html>