<!DOCTYPE html>

<html>
  <head>
  <meta charset='utf-8'>
  <title>TestNG reports</title>

    <link type="text/css" href="testng-reports.css" rel="stylesheet" />  
    <script type="text/javascript" src="jquery-1.7.1.min.js"></script>
    <script type="text/javascript" src="testng-reports.js"></script>
    <script type="text/javascript" src="https://www.google.com/jsapi"></script>
    <script type='text/javascript'>
      google.load('visualization', '1', {packages:['table']});
      google.setOnLoadCallback(drawTable);
      var suiteTableInitFunctions = new Array();
      var suiteTableData = new Array();
    </script>
    <!--
      <script type="text/javascript" src="jquery-ui/js/jquery-ui-1.8.16.custom.min.js"></script>
     -->
  </head>

  <body>
    <div class="top-banner-root">
      <span class="top-banner-title-font">Test results</span>
      <br/>
      <span class="top-banner-font-1">1 suite, 4 failed tests</span>
    </div> <!-- top-banner-root -->
    <div class="navigator-root">
      <div class="navigator-suite-header">
        <span>All suites</span>
        <a href="#" class="collapse-all-link" title="Collapse/expand all the suites">
          <img class="collapse-all-icon" src="collapseall.gif">
          </img> <!-- collapse-all-icon -->
        </a> <!-- collapse-all-link -->
      </div> <!-- navigator-suite-header -->
      <div class="suite">
        <div class="rounded-window">
          <div class="suite-header light-rounded-window-top">
            <a href="#" class="navigator-link" panel-name="suite-Regression_Tesing">
              <span class="suite-name border-failed">Regression_Tesing</span>
            </a> <!-- navigator-link -->
          </div> <!-- suite-header light-rounded-window-top -->
          <div class="navigator-suite-content">
            <div class="suite-section-title">
              <span>Info</span>
            </div> <!-- suite-section-title -->
            <div class="suite-section-content">
              <ul>
                <li>
                  <a href="#" class="navigator-link " panel-name="test-xml-Regression_Tesing">
                    <span>C:\Users\User\workspace\uiAutomation\TestNG.xml</span>
                  </a> <!-- navigator-link  -->
                </li>
                <li>
                  <a href="#" class="navigator-link " panel-name="testlist-Regression_Tesing">
                    <span class="test-stats">1 test</span>
                  </a> <!-- navigator-link  -->
                </li>
                <li>
                  <a href="#" class="navigator-link " panel-name="group-Regression_Tesing">
                    <span>0 groups</span>
                  </a> <!-- navigator-link  -->
                </li>
                <li>
                  <a href="#" class="navigator-link " panel-name="times-Regression_Tesing">
                    <span>Times</span>
                  </a> <!-- navigator-link  -->
                </li>
                <li>
                  <a href="#" class="navigator-link " panel-name="reporter-Regression_Tesing">
                    <span>Reporter output</span>
                  </a> <!-- navigator-link  -->
                </li>
                <li>
                  <a href="#" class="navigator-link " panel-name="ignored-methods-Regression_Tesing">
                    <span>Ignored methods</span>
                  </a> <!-- navigator-link  -->
                </li>
                <li>
                  <a href="#" class="navigator-link " panel-name="chronological-Regression_Tesing">
                    <span>Chronological view</span>
                  </a> <!-- navigator-link  -->
                </li>
              </ul>
            </div> <!-- suite-section-content -->
            <div class="result-section">
              <div class="suite-section-title">
                <span>Results</span>
              </div> <!-- suite-section-title -->
              <div class="suite-section-content">
                <ul>
                  <li>
                    <span class="method-stats">5 methods, 4 failed,   1 passed</span>
                  </li>
                  <li>
                    <span class="method-list-title failed">Failed methods</span>
                    <span class="show-or-hide-methods failed">
                      <a href="#" panel-name="suite-Regression_Tesing" class="hide-methods failed suite-Regression_Tesing"> (hide)</a> <!-- hide-methods failed suite-Regression_Tesing -->
                      <a href="#" panel-name="suite-Regression_Tesing" class="show-methods failed suite-Regression_Tesing"> (show)</a> <!-- show-methods failed suite-Regression_Tesing -->
                    </span>
                    <div class="method-list-content failed suite-Regression_Tesing">
                      <span>
                        <img width="3%" src="failed.png"/>
                        <a href="#" class="method navigator-link" panel-name="suite-Regression_Tesing" title="com.testing.automation.homePage.TC001_SignUp_Validation" hash-for-method="signUp_Validation(Manish3, Sharma, manishSham59@gmail.com, Wizardry, 8527409595, y)">signUp_Validation(Manish3, Sharma, manishSham59@gmail.com, Wizardry, 8527409595, y)</a> <!-- method navigator-link -->
                      </span>
                      <br/>
                      <span>
                        <img width="3%" src="failed.png"/>
                        <a href="#" class="method navigator-link" panel-name="suite-Regression_Tesing" title="com.testing.automation.homePage.TC001_SignUp_Validation" hash-for-method="signUp_Validation(Manish2, Sharma, manishSham59@gmail.com, Wizardry, 8527409595, y)">signUp_Validation(Manish2, Sharma, manishSham59@gmail.com, Wizardry, 8527409595, y)</a> <!-- method navigator-link -->
                      </span>
                      <br/>
                      <span>
                        <img width="3%" src="failed.png"/>
                        <a href="#" class="method navigator-link" panel-name="suite-Regression_Tesing" title="com.testing.automation.homePage.TC001_SignUp_Validation" hash-for-method="signUp_Validation(Manish4, Sharma, manishSham59@gmail.com, Wizardry, 8527409595, y)">signUp_Validation(Manish4, Sharma, manishSham59@gmail.com, Wizardry, 8527409595, y)</a> <!-- method navigator-link -->
                      </span>
                      <br/>
                      <span>
                        <img width="3%" src="failed.png"/>
                        <a href="#" class="method navigator-link" panel-name="suite-Regression_Tesing" title="com.testing.automation.homePage.TC001_SignUp_Validation" hash-for-method="signUp_Validation(Manish5, Sharma, manishSham59@gmail.com, Wizardry, 8527409595, y)">signUp_Validation(Manish5, Sharma, manishSham59@gmail.com, Wizardry, 8527409595, y)</a> <!-- method navigator-link -->
                      </span>
                      <br/>
                    </div> <!-- method-list-content failed suite-Regression_Tesing -->
                  </li>
                  <li>
                    <span class="method-list-title passed">Passed methods</span>
                    <span class="show-or-hide-methods passed">
                      <a href="#" panel-name="suite-Regression_Tesing" class="hide-methods passed suite-Regression_Tesing"> (hide)</a> <!-- hide-methods passed suite-Regression_Tesing -->
                      <a href="#" panel-name="suite-Regression_Tesing" class="show-methods passed suite-Regression_Tesing"> (show)</a> <!-- show-methods passed suite-Regression_Tesing -->
                    </span>
                    <div class="method-list-content passed suite-Regression_Tesing">
                      <span>
                        <img width="3%" src="passed.png"/>
                        <a href="#" class="method navigator-link" panel-name="suite-Regression_Tesing" title="com.testing.automation.homePage.TC001_SignUp_Validation" hash-for-method="signUp_Validation(Manish1, Sharma, manishSham59@gmail.com, Wizardry, 8527409595, y)">signUp_Validation(Manish1, Sharma, manishSham59@gmail.com, Wizardry, 8527409595, y)</a> <!-- method navigator-link -->
                      </span>
                      <br/>
                    </div> <!-- method-list-content passed suite-Regression_Tesing -->
                  </li>
                </ul>
              </div> <!-- suite-section-content -->
            </div> <!-- result-section -->
          </div> <!-- navigator-suite-content -->
        </div> <!-- rounded-window -->
      </div> <!-- suite -->
    </div> <!-- navigator-root -->
    <div class="wrapper">
      <div class="main-panel-root">
        <div panel-name="suite-Regression_Tesing" class="panel Regression_Tesing">
          <div class="suite-Regression_Tesing-class-failed">
            <div class="main-panel-header rounded-window-top">
              <img src="failed.png"/>
              <span class="class-name">com.testing.automation.homePage.TC001_SignUp_Validation</span>
            </div> <!-- main-panel-header rounded-window-top -->
            <div class="main-panel-content rounded-window-bottom">
              <div class="method">
                <div class="method-content">
                  <a name="signUp_Validation(Manish3, Sharma, manishSham59@gmail.com, Wizardry, 8527409595, y)">
                  </a> <!-- signUp_Validation(Manish3, Sharma, manishSham59@gmail.com, Wizardry, 8527409595, y) -->
                  <span class="method-name">signUp_Validation</span>
                  <span class="parameters">(Manish3, Sharma, manishSham59@gmail.com, Wizardry, 8527409595, y)</span>
                  <div class="stack-trace">org.openqa.selenium.WebDriverException: unknown error: Element &lt;a href=&quot;https://www.jabong.com/customer/account/create/&quot; data-https-switch=&quot;true&quot; data-mobile-url=&quot;https://www.jabong.com/customer/account/create/&quot; class=&quot;dialogify&quot; data-target=&quot;#signup&quot; data-url=&quot;https://www.jabong.com/auth/signup?CrossDomain=true&quot; data-custom-class=&quot;signup-nltr-modal&quot; data-opts=&quot;{&amp;quot;width&amp;quot;: &amp;quot;700px&amp;quot;}&quot; data-gaq-event=&quot;Header~$~Sign_up~$~Initiate&quot;&gt;...&lt;/a&gt; is not clickable at point (1227, 21). Other element would receive the click: &lt;div class=&quot;modal-backdrop fade in&quot; style=&quot;height: 655px;&quot;&gt;&lt;/div&gt;
  (Session info: chrome=61.0.3163.100)
  (Driver info: chromedriver=2.28.455520 (cc17746adff54984afff480136733114c6b3704b),platform=Windows NT 6.2.9200 x86) (WARNING: The server did not provide any stacktrace information)
Command duration or timeout: 0 milliseconds
Build info: version: &apos;3.5.3&apos;, revision: &apos;a88d25fe6b&apos;, time: &apos;2017-08-29T12:42:44.417Z&apos;
System info: host: &apos;HOME-PC&apos;, ip: &apos;192.168.43.174&apos;, os.name: &apos;Windows 8&apos;, os.arch: &apos;x86&apos;, os.version: &apos;6.2&apos;, java.version: &apos;1.8.0_60&apos;
Driver info: org.openqa.selenium.chrome.ChromeDriver
Capabilities [{applicationCacheEnabled=false, rotatable=false, mobileEmulationEnabled=false, networkConnectionEnabled=false, chrome={chromedriverVersion=2.28.455520 (cc17746adff54984afff480136733114c6b3704b), userDataDir=C:\Users\User\AppData\Local\Temp\scoped_dir7164_30317}, takesHeapSnapshot=true, pageLoadStrategy=normal, unhandledPromptBehavior=, databaseEnabled=false, handlesAlerts=true, hasTouchScreen=false, version=61.0.3163.100, platform=WIN8, browserConnectionEnabled=false, nativeEvents=true, acceptSslCerts=true, locationContextEnabled=true, webStorageEnabled=true, browserName=chrome, takesScreenshot=true, javascriptEnabled=true, platformName=WIN8, cssSelectorsEnabled=true, unexpectedAlertBehaviour=}]
Session ID: 3ab54fd939f3e9a5ea428f666bc0113f
	at org.openqa.selenium.remote.ErrorHandler.createThrowable(ErrorHandler.java:215)
	at org.openqa.selenium.remote.ErrorHandler.throwIfResponseFailed(ErrorHandler.java:167)
	at org.openqa.selenium.remote.http.JsonHttpResponseCodec.reconstructValue(JsonHttpResponseCodec.java:40)
	at org.openqa.selenium.remote.http.AbstractHttpResponseCodec.decode(AbstractHttpResponseCodec.java:82)
	at org.openqa.selenium.remote.http.AbstractHttpResponseCodec.decode(AbstractHttpResponseCodec.java:45)
	at org.openqa.selenium.remote.HttpCommandExecutor.execute(HttpCommandExecutor.java:164)
	at org.openqa.selenium.remote.service.DriverCommandExecutor.execute(DriverCommandExecutor.java:82)
	at org.openqa.selenium.remote.RemoteWebDriver.execute(RemoteWebDriver.java:646)
	at org.openqa.selenium.remote.RemoteWebElement.execute(RemoteWebElement.java:275)
	at org.openqa.selenium.remote.RemoteWebElement.click(RemoteWebElement.java:82)
	at org.openqa.selenium.support.pagefactory.internal.LocatingElementHandler.invoke(LocatingElementHandler.java:51)
	at com.sun.proxy.$Proxy11.click(Unknown Source)
	at com.testing.automation.objectRepo.HomePage.navigateToSignUpPage(HomePage.java:51)
	at com.testing.automation.homePage.TC001_SignUp_Validation.signUp_Validation(TC001_SignUp_Validation.java:45)
... Removed 33 stack frames
</div> <!-- stack-trace -->
                </div> <!-- method-content -->
              </div> <!-- method -->
              <div class="method">
                <div class="method-content">
                  <a name="signUp_Validation(Manish2, Sharma, manishSham59@gmail.com, Wizardry, 8527409595, y)">
                  </a> <!-- signUp_Validation(Manish2, Sharma, manishSham59@gmail.com, Wizardry, 8527409595, y) -->
                  <span class="method-name">signUp_Validation</span>
                  <span class="parameters">(Manish2, Sharma, manishSham59@gmail.com, Wizardry, 8527409595, y)</span>
                  <div class="stack-trace">org.openqa.selenium.WebDriverException: unknown error: Element &lt;a href=&quot;https://www.jabong.com/customer/account/create/&quot; data-https-switch=&quot;true&quot; data-mobile-url=&quot;https://www.jabong.com/customer/account/create/&quot; class=&quot;dialogify&quot; data-target=&quot;#signup&quot; data-url=&quot;https://www.jabong.com/auth/signup?CrossDomain=true&quot; data-custom-class=&quot;signup-nltr-modal&quot; data-opts=&quot;{&amp;quot;width&amp;quot;: &amp;quot;700px&amp;quot;}&quot; data-gaq-event=&quot;Header~$~Sign_up~$~Initiate&quot;&gt;...&lt;/a&gt; is not clickable at point (1227, 21). Other element would receive the click: &lt;div class=&quot;modal-backdrop fade in&quot; style=&quot;height: 655px;&quot;&gt;&lt;/div&gt;
  (Session info: chrome=61.0.3163.100)
  (Driver info: chromedriver=2.28.455520 (cc17746adff54984afff480136733114c6b3704b),platform=Windows NT 6.2.9200 x86) (WARNING: The server did not provide any stacktrace information)
Command duration or timeout: 0 milliseconds
Build info: version: &apos;3.5.3&apos;, revision: &apos;a88d25fe6b&apos;, time: &apos;2017-08-29T12:42:44.417Z&apos;
System info: host: &apos;HOME-PC&apos;, ip: &apos;192.168.43.174&apos;, os.name: &apos;Windows 8&apos;, os.arch: &apos;x86&apos;, os.version: &apos;6.2&apos;, java.version: &apos;1.8.0_60&apos;
Driver info: org.openqa.selenium.chrome.ChromeDriver
Capabilities [{applicationCacheEnabled=false, rotatable=false, mobileEmulationEnabled=false, networkConnectionEnabled=false, chrome={chromedriverVersion=2.28.455520 (cc17746adff54984afff480136733114c6b3704b), userDataDir=C:\Users\User\AppData\Local\Temp\scoped_dir7164_30317}, takesHeapSnapshot=true, pageLoadStrategy=normal, unhandledPromptBehavior=, databaseEnabled=false, handlesAlerts=true, hasTouchScreen=false, version=61.0.3163.100, platform=WIN8, browserConnectionEnabled=false, nativeEvents=true, acceptSslCerts=true, locationContextEnabled=true, webStorageEnabled=true, browserName=chrome, takesScreenshot=true, javascriptEnabled=true, platformName=WIN8, cssSelectorsEnabled=true, unexpectedAlertBehaviour=}]
Session ID: 3ab54fd939f3e9a5ea428f666bc0113f
	at org.openqa.selenium.remote.ErrorHandler.createThrowable(ErrorHandler.java:215)
	at org.openqa.selenium.remote.ErrorHandler.throwIfResponseFailed(ErrorHandler.java:167)
	at org.openqa.selenium.remote.http.JsonHttpResponseCodec.reconstructValue(JsonHttpResponseCodec.java:40)
	at org.openqa.selenium.remote.http.AbstractHttpResponseCodec.decode(AbstractHttpResponseCodec.java:82)
	at org.openqa.selenium.remote.http.AbstractHttpResponseCodec.decode(AbstractHttpResponseCodec.java:45)
	at org.openqa.selenium.remote.HttpCommandExecutor.execute(HttpCommandExecutor.java:164)
	at org.openqa.selenium.remote.service.DriverCommandExecutor.execute(DriverCommandExecutor.java:82)
	at org.openqa.selenium.remote.RemoteWebDriver.execute(RemoteWebDriver.java:646)
	at org.openqa.selenium.remote.RemoteWebElement.execute(RemoteWebElement.java:275)
	at org.openqa.selenium.remote.RemoteWebElement.click(RemoteWebElement.java:82)
	at org.openqa.selenium.support.pagefactory.internal.LocatingElementHandler.invoke(LocatingElementHandler.java:51)
	at com.sun.proxy.$Proxy11.click(Unknown Source)
	at com.testing.automation.objectRepo.HomePage.navigateToSignUpPage(HomePage.java:51)
	at com.testing.automation.homePage.TC001_SignUp_Validation.signUp_Validation(TC001_SignUp_Validation.java:45)
... Removed 33 stack frames
</div> <!-- stack-trace -->
                </div> <!-- method-content -->
              </div> <!-- method -->
              <div class="method">
                <div class="method-content">
                  <a name="signUp_Validation(Manish4, Sharma, manishSham59@gmail.com, Wizardry, 8527409595, y)">
                  </a> <!-- signUp_Validation(Manish4, Sharma, manishSham59@gmail.com, Wizardry, 8527409595, y) -->
                  <span class="method-name">signUp_Validation</span>
                  <span class="parameters">(Manish4, Sharma, manishSham59@gmail.com, Wizardry, 8527409595, y)</span>
                  <div class="stack-trace">org.openqa.selenium.WebDriverException: unknown error: Element &lt;a href=&quot;https://www.jabong.com/customer/account/create/&quot; data-https-switch=&quot;true&quot; data-mobile-url=&quot;https://www.jabong.com/customer/account/create/&quot; class=&quot;dialogify&quot; data-target=&quot;#signup&quot; data-url=&quot;https://www.jabong.com/auth/signup?CrossDomain=true&quot; data-custom-class=&quot;signup-nltr-modal&quot; data-opts=&quot;{&amp;quot;width&amp;quot;: &amp;quot;700px&amp;quot;}&quot; data-gaq-event=&quot;Header~$~Sign_up~$~Initiate&quot;&gt;...&lt;/a&gt; is not clickable at point (1227, 21). Other element would receive the click: &lt;div class=&quot;modal-backdrop fade in&quot; style=&quot;height: 655px;&quot;&gt;&lt;/div&gt;
  (Session info: chrome=61.0.3163.100)
  (Driver info: chromedriver=2.28.455520 (cc17746adff54984afff480136733114c6b3704b),platform=Windows NT 6.2.9200 x86) (WARNING: The server did not provide any stacktrace information)
Command duration or timeout: 0 milliseconds
Build info: version: &apos;3.5.3&apos;, revision: &apos;a88d25fe6b&apos;, time: &apos;2017-08-29T12:42:44.417Z&apos;
System info: host: &apos;HOME-PC&apos;, ip: &apos;192.168.43.174&apos;, os.name: &apos;Windows 8&apos;, os.arch: &apos;x86&apos;, os.version: &apos;6.2&apos;, java.version: &apos;1.8.0_60&apos;
Driver info: org.openqa.selenium.chrome.ChromeDriver
Capabilities [{applicationCacheEnabled=false, rotatable=false, mobileEmulationEnabled=false, networkConnectionEnabled=false, chrome={chromedriverVersion=2.28.455520 (cc17746adff54984afff480136733114c6b3704b), userDataDir=C:\Users\User\AppData\Local\Temp\scoped_dir7164_30317}, takesHeapSnapshot=true, pageLoadStrategy=normal, unhandledPromptBehavior=, databaseEnabled=false, handlesAlerts=true, hasTouchScreen=false, version=61.0.3163.100, platform=WIN8, browserConnectionEnabled=false, nativeEvents=true, acceptSslCerts=true, locationContextEnabled=true, webStorageEnabled=true, browserName=chrome, takesScreenshot=true, javascriptEnabled=true, platformName=WIN8, cssSelectorsEnabled=true, unexpectedAlertBehaviour=}]
Session ID: 3ab54fd939f3e9a5ea428f666bc0113f
	at org.openqa.selenium.remote.ErrorHandler.createThrowable(ErrorHandler.java:215)
	at org.openqa.selenium.remote.ErrorHandler.throwIfResponseFailed(ErrorHandler.java:167)
	at org.openqa.selenium.remote.http.JsonHttpResponseCodec.reconstructValue(JsonHttpResponseCodec.java:40)
	at org.openqa.selenium.remote.http.AbstractHttpResponseCodec.decode(AbstractHttpResponseCodec.java:82)
	at org.openqa.selenium.remote.http.AbstractHttpResponseCodec.decode(AbstractHttpResponseCodec.java:45)
	at org.openqa.selenium.remote.HttpCommandExecutor.execute(HttpCommandExecutor.java:164)
	at org.openqa.selenium.remote.service.DriverCommandExecutor.execute(DriverCommandExecutor.java:82)
	at org.openqa.selenium.remote.RemoteWebDriver.execute(RemoteWebDriver.java:646)
	at org.openqa.selenium.remote.RemoteWebElement.execute(RemoteWebElement.java:275)
	at org.openqa.selenium.remote.RemoteWebElement.click(RemoteWebElement.java:82)
	at org.openqa.selenium.support.pagefactory.internal.LocatingElementHandler.invoke(LocatingElementHandler.java:51)
	at com.sun.proxy.$Proxy11.click(Unknown Source)
	at com.testing.automation.objectRepo.HomePage.navigateToSignUpPage(HomePage.java:51)
	at com.testing.automation.homePage.TC001_SignUp_Validation.signUp_Validation(TC001_SignUp_Validation.java:45)
... Removed 33 stack frames
</div> <!-- stack-trace -->
                </div> <!-- method-content -->
              </div> <!-- method -->
              <div class="method">
                <div class="method-content">
                  <a name="signUp_Validation(Manish5, Sharma, manishSham59@gmail.com, Wizardry, 8527409595, y)">
                  </a> <!-- signUp_Validation(Manish5, Sharma, manishSham59@gmail.com, Wizardry, 8527409595, y) -->
                  <span class="method-name">signUp_Validation</span>
                  <span class="parameters">(Manish5, Sharma, manishSham59@gmail.com, Wizardry, 8527409595, y)</span>
                  <div class="stack-trace">org.openqa.selenium.WebDriverException: unknown error: Element &lt;a href=&quot;https://www.jabong.com/customer/account/create/&quot; data-https-switch=&quot;true&quot; data-mobile-url=&quot;https://www.jabong.com/customer/account/create/&quot; class=&quot;dialogify&quot; data-target=&quot;#signup&quot; data-url=&quot;https://www.jabong.com/auth/signup?CrossDomain=true&quot; data-custom-class=&quot;signup-nltr-modal&quot; data-opts=&quot;{&amp;quot;width&amp;quot;: &amp;quot;700px&amp;quot;}&quot; data-gaq-event=&quot;Header~$~Sign_up~$~Initiate&quot;&gt;...&lt;/a&gt; is not clickable at point (1227, 21). Other element would receive the click: &lt;div class=&quot;modal-backdrop fade in&quot; style=&quot;height: 655px;&quot;&gt;&lt;/div&gt;
  (Session info: chrome=61.0.3163.100)
  (Driver info: chromedriver=2.28.455520 (cc17746adff54984afff480136733114c6b3704b),platform=Windows NT 6.2.9200 x86) (WARNING: The server did not provide any stacktrace information)
Command duration or timeout: 0 milliseconds
Build info: version: &apos;3.5.3&apos;, revision: &apos;a88d25fe6b&apos;, time: &apos;2017-08-29T12:42:44.417Z&apos;
System info: host: &apos;HOME-PC&apos;, ip: &apos;192.168.43.174&apos;, os.name: &apos;Windows 8&apos;, os.arch: &apos;x86&apos;, os.version: &apos;6.2&apos;, java.version: &apos;1.8.0_60&apos;
Driver info: org.openqa.selenium.chrome.ChromeDriver
Capabilities [{applicationCacheEnabled=false, rotatable=false, mobileEmulationEnabled=false, networkConnectionEnabled=false, chrome={chromedriverVersion=2.28.455520 (cc17746adff54984afff480136733114c6b3704b), userDataDir=C:\Users\User\AppData\Local\Temp\scoped_dir7164_30317}, takesHeapSnapshot=true, pageLoadStrategy=normal, unhandledPromptBehavior=, databaseEnabled=false, handlesAlerts=true, hasTouchScreen=false, version=61.0.3163.100, platform=WIN8, browserConnectionEnabled=false, nativeEvents=true, acceptSslCerts=true, locationContextEnabled=true, webStorageEnabled=true, browserName=chrome, takesScreenshot=true, javascriptEnabled=true, platformName=WIN8, cssSelectorsEnabled=true, unexpectedAlertBehaviour=}]
Session ID: 3ab54fd939f3e9a5ea428f666bc0113f
	at org.openqa.selenium.remote.ErrorHandler.createThrowable(ErrorHandler.java:215)
	at org.openqa.selenium.remote.ErrorHandler.throwIfResponseFailed(ErrorHandler.java:167)
	at org.openqa.selenium.remote.http.JsonHttpResponseCodec.reconstructValue(JsonHttpResponseCodec.java:40)
	at org.openqa.selenium.remote.http.AbstractHttpResponseCodec.decode(AbstractHttpResponseCodec.java:82)
	at org.openqa.selenium.remote.http.AbstractHttpResponseCodec.decode(AbstractHttpResponseCodec.java:45)
	at org.openqa.selenium.remote.HttpCommandExecutor.execute(HttpCommandExecutor.java:164)
	at org.openqa.selenium.remote.service.DriverCommandExecutor.execute(DriverCommandExecutor.java:82)
	at org.openqa.selenium.remote.RemoteWebDriver.execute(RemoteWebDriver.java:646)
	at org.openqa.selenium.remote.RemoteWebElement.execute(RemoteWebElement.java:275)
	at org.openqa.selenium.remote.RemoteWebElement.click(RemoteWebElement.java:82)
	at org.openqa.selenium.support.pagefactory.internal.LocatingElementHandler.invoke(LocatingElementHandler.java:51)
	at com.sun.proxy.$Proxy11.click(Unknown Source)
	at com.testing.automation.objectRepo.HomePage.navigateToSignUpPage(HomePage.java:51)
	at com.testing.automation.homePage.TC001_SignUp_Validation.signUp_Validation(TC001_SignUp_Validation.java:45)
... Removed 33 stack frames
</div> <!-- stack-trace -->
                </div> <!-- method-content -->
              </div> <!-- method -->
            </div> <!-- main-panel-content rounded-window-bottom -->
          </div> <!-- suite-Regression_Tesing-class-failed -->
          <div class="suite-Regression_Tesing-class-passed">
            <div class="main-panel-header rounded-window-top">
              <img src="passed.png"/>
              <span class="class-name">com.testing.automation.homePage.TC001_SignUp_Validation</span>
            </div> <!-- main-panel-header rounded-window-top -->
            <div class="main-panel-content rounded-window-bottom">
              <div class="method">
                <div class="method-content">
                  <a name="signUp_Validation(Manish1, Sharma, manishSham59@gmail.com, Wizardry, 8527409595, y)">
                  </a> <!-- signUp_Validation(Manish1, Sharma, manishSham59@gmail.com, Wizardry, 8527409595, y) -->
                  <span class="method-name">signUp_Validation</span>
                  <span class="parameters">(Manish1, Sharma, manishSham59@gmail.com, Wizardry, 8527409595, y)</span>
                </div> <!-- method-content -->
              </div> <!-- method -->
            </div> <!-- main-panel-content rounded-window-bottom -->
          </div> <!-- suite-Regression_Tesing-class-passed -->
        </div> <!-- panel Regression_Tesing -->
        <div panel-name="test-xml-Regression_Tesing" class="panel">
          <div class="main-panel-header rounded-window-top">
            <span class="header-content">C:\Users\User\workspace\uiAutomation\TestNG.xml</span>
          </div> <!-- main-panel-header rounded-window-top -->
          <div class="main-panel-content rounded-window-bottom">
            <pre>
&lt;?xml version=&quot;1.0&quot; encoding=&quot;UTF-8&quot;?&gt;
&lt;!DOCTYPE suite SYSTEM &quot;http://testng.org/testng-1.0.dtd&quot;&gt;
&lt;suite guice-stage=&quot;DEVELOPMENT&quot; name=&quot;Regression_Tesing&quot;&gt;
  &lt;parameter name=&quot;browserName&quot; value=&quot;Chrome&quot;/&gt;
  &lt;parameter name=&quot;url&quot; value=&quot;https://jabong.com/&quot;/&gt;
  &lt;test name=&quot;TC001_SignUp_Validation&quot;&gt;
    &lt;classes&gt;
      &lt;class name=&quot;com.testing.automation.homePage.TC001_SignUp_Validation&quot;/&gt;
    &lt;/classes&gt;
  &lt;/test&gt; &lt;!-- TC001_SignUp_Validation --&gt;
&lt;/suite&gt; &lt;!-- Regression_Tesing --&gt;
            </pre>
          </div> <!-- main-panel-content rounded-window-bottom -->
        </div> <!-- panel -->
        <div panel-name="testlist-Regression_Tesing" class="panel">
          <div class="main-panel-header rounded-window-top">
            <span class="header-content">Tests for Regression_Tesing</span>
          </div> <!-- main-panel-header rounded-window-top -->
          <div class="main-panel-content rounded-window-bottom">
            <ul>
              <li>
                <span class="test-name">TC001_SignUp_Validation (1 class)</span>
              </li>
            </ul>
          </div> <!-- main-panel-content rounded-window-bottom -->
        </div> <!-- panel -->
        <div panel-name="group-Regression_Tesing" class="panel">
          <div class="main-panel-header rounded-window-top">
            <span class="header-content">Groups for Regression_Tesing</span>
          </div> <!-- main-panel-header rounded-window-top -->
          <div class="main-panel-content rounded-window-bottom">
          </div> <!-- main-panel-content rounded-window-bottom -->
        </div> <!-- panel -->
        <div panel-name="times-Regression_Tesing" class="panel">
          <div class="main-panel-header rounded-window-top">
            <span class="header-content">Times for Regression_Tesing</span>
          </div> <!-- main-panel-header rounded-window-top -->
          <div class="main-panel-content rounded-window-bottom">
            <div class="times-div">
              <script type="text/javascript">
suiteTableInitFunctions.push('tableData_Regression_Tesing');
function tableData_Regression_Tesing() {
var data = new google.visualization.DataTable();
data.addColumn('number', 'Number');
data.addColumn('string', 'Method');
data.addColumn('string', 'Class');
data.addColumn('number', 'Time (ms)');
data.addRows(5);
data.setCell(0, 0, 0)
data.setCell(0, 1, 'signUp_Validation')
data.setCell(0, 2, 'com.testing.automation.homePage.TC001_SignUp_Validation')
data.setCell(0, 3, 8236);
data.setCell(1, 0, 1)
data.setCell(1, 1, 'signUp_Validation')
data.setCell(1, 2, 'com.testing.automation.homePage.TC001_SignUp_Validation')
data.setCell(1, 3, 140);
data.setCell(2, 0, 2)
data.setCell(2, 1, 'signUp_Validation')
data.setCell(2, 2, 'com.testing.automation.homePage.TC001_SignUp_Validation')
data.setCell(2, 3, 120);
data.setCell(3, 0, 3)
data.setCell(3, 1, 'signUp_Validation')
data.setCell(3, 2, 'com.testing.automation.homePage.TC001_SignUp_Validation')
data.setCell(3, 3, 116);
data.setCell(4, 0, 4)
data.setCell(4, 1, 'signUp_Validation')
data.setCell(4, 2, 'com.testing.automation.homePage.TC001_SignUp_Validation')
data.setCell(4, 3, 115);
window.suiteTableData['Regression_Tesing']= { tableData: data, tableDiv: 'times-div-Regression_Tesing'}
return data;
}
              </script>
              <span class="suite-total-time">Total running time: 8 seconds</span>
              <div id="times-div-Regression_Tesing">
              </div> <!-- times-div-Regression_Tesing -->
            </div> <!-- times-div -->
          </div> <!-- main-panel-content rounded-window-bottom -->
        </div> <!-- panel -->
        <div panel-name="reporter-Regression_Tesing" class="panel">
          <div class="main-panel-header rounded-window-top">
            <span class="header-content">Reporter output for Regression_Tesing</span>
          </div> <!-- main-panel-header rounded-window-top -->
          <div class="main-panel-content rounded-window-bottom">
          </div> <!-- main-panel-content rounded-window-bottom -->
        </div> <!-- panel -->
        <div panel-name="ignored-methods-Regression_Tesing" class="panel">
          <div class="main-panel-header rounded-window-top">
            <span class="header-content">0 ignored methods</span>
          </div> <!-- main-panel-header rounded-window-top -->
          <div class="main-panel-content rounded-window-bottom">
          </div> <!-- main-panel-content rounded-window-bottom -->
        </div> <!-- panel -->
        <div panel-name="chronological-Regression_Tesing" class="panel">
          <div class="main-panel-header rounded-window-top">
            <span class="header-content">Methods in chronological order</span>
          </div> <!-- main-panel-header rounded-window-top -->
          <div class="main-panel-content rounded-window-bottom">
            <div class="chronological-class">
              <div class="chronological-class-name">com.testing.automation.homePage.TC001_SignUp_Validation</div> <!-- chronological-class-name -->
              <div class="configuration-test before">
                <span class="method-name">setUp(Chrome, https://jabong.com/)</span>
                <span class="method-start">0 ms</span>
              </div> <!-- configuration-test before -->
              <div class="test-method">
                <span class="method-name">signUp_Validation(Manish1, Sharma, manishSham59@gmail.com, Wizardry, 8527409595, y)</span>
                <span class="method-start">14017 ms</span>
              </div> <!-- test-method -->
              <div class="test-method">
                <img src="failed.png">
                </img>
                <span class="method-name">signUp_Validation(Manish2, Sharma, manishSham59@gmail.com, Wizardry, 8527409595, y)</span>
                <span class="method-start">22258 ms</span>
              </div> <!-- test-method -->
              <div class="test-method">
                <img src="failed.png">
                </img>
                <span class="method-name">signUp_Validation(Manish3, Sharma, manishSham59@gmail.com, Wizardry, 8527409595, y)</span>
                <span class="method-start">22407 ms</span>
              </div> <!-- test-method -->
              <div class="test-method">
                <img src="failed.png">
                </img>
                <span class="method-name">signUp_Validation(Manish4, Sharma, manishSham59@gmail.com, Wizardry, 8527409595, y)</span>
                <span class="method-start">22530 ms</span>
              </div> <!-- test-method -->
              <div class="test-method">
                <img src="failed.png">
                </img>
                <span class="method-name">signUp_Validation(Manish5, Sharma, manishSham59@gmail.com, Wizardry, 8527409595, y)</span>
                <span class="method-start">22650 ms</span>
              </div> <!-- test-method -->
              <div class="configuration-test after">
                <span class="method-name">tearDown</span>
                <span class="method-start">22771 ms</span>
              </div> <!-- configuration-test after -->
          </div> <!-- main-panel-content rounded-window-bottom -->
        </div> <!-- panel -->
      </div> <!-- main-panel-root -->
    </div> <!-- wrapper -->
  </body>
</html>
